<?xml version="1.0" encoding="UTF-8"?>
<testsuite xmlns:xsi="http://www.w3.org/2001/XMLSchema-instance" xsi:noNamespaceSchemaLocation="https://maven.apache.org/surefire/maven-surefire-plugin/xsd/surefire-test-report.xsd" name="com.mkyong.BookServiceTest" time="0.028" tests="1" errors="1" skipped="0" failures="0">
  <properties>
    <property name="sun.desktop" value="gnome"/>
    <property name="awt.toolkit" value="sun.awt.X11.XToolkit"/>
    <property name="file.encoding.pkg" value="sun.io"/>
    <property name="java.specification.version" value="1.8"/>
    <property name="sun.cpu.isalist" value=""/>
    <property name="sun.jnu.encoding" value="UTF-8"/>
    <property name="java.class.path" value="/home/duyan/fresher12/DuyAn/Elasticsearch_issues/target/test-classes:/home/duyan/fresher12/DuyAn/Elasticsearch_issues/target/classes:/home/duyan/.m2/repository/com/google/code/gson/gson/2.8.0/gson-2.8.0.jar:/home/duyan/.m2/repository/org/springframework/boot/spring-boot-starter-data-elasticsearch/2.0.0.M5/spring-boot-starter-data-elasticsearch-2.0.0.M5.jar:/home/duyan/.m2/repository/org/springframework/boot/spring-boot-starter/2.0.0.M5/spring-boot-starter-2.0.0.M5.jar:/home/duyan/.m2/repository/org/springframework/boot/spring-boot/2.0.0.M5/spring-boot-2.0.0.M5.jar:/home/duyan/.m2/repository/org/springframework/boot/spring-boot-autoconfigure/2.0.0.M5/spring-boot-autoconfigure-2.0.0.M5.jar:/home/duyan/.m2/repository/org/springframework/boot/spring-boot-starter-logging/2.0.0.M5/spring-boot-starter-logging-2.0.0.M5.jar:/home/duyan/.m2/repository/ch/qos/logback/logback-classic/1.2.3/logback-classic-1.2.3.jar:/home/duyan/.m2/repository/ch/qos/logback/logback-core/1.2.3/logback-core-1.2.3.jar:/home/duyan/.m2/repository/org/slf4j/jul-to-slf4j/1.7.25/jul-to-slf4j-1.7.25.jar:/home/duyan/.m2/repository/javax/annotation/javax.annotation-api/1.3.1/javax.annotation-api-1.3.1.jar:/home/duyan/.m2/repository/org/springframework/data/spring-data-elasticsearch/3.0.0.RELEASE/spring-data-elasticsearch-3.0.0.RELEASE.jar:/home/duyan/.m2/repository/org/springframework/spring-context/5.0.0.RELEASE/spring-context-5.0.0.RELEASE.jar:/home/duyan/.m2/repository/org/springframework/spring-aop/5.0.0.RELEASE/spring-aop-5.0.0.RELEASE.jar:/home/duyan/.m2/repository/org/springframework/spring-beans/5.0.0.RELEASE/spring-beans-5.0.0.RELEASE.jar:/home/duyan/.m2/repository/org/springframework/spring-expression/5.0.0.RELEASE/spring-expression-5.0.0.RELEASE.jar:/home/duyan/.m2/repository/org/springframework/spring-tx/5.0.0.RELEASE/spring-tx-5.0.0.RELEASE.jar:/home/duyan/.m2/repository/org/springframework/data/spring-data-commons/2.0.0.RELEASE/spring-data-commons-2.0.0.RELEASE.jar:/home/duyan/.m2/repository/commons-lang/commons-lang/2.6/commons-lang-2.6.jar:/home/duyan/.m2/repository/org/elasticsearch/client/transport/5.5.3/transport-5.5.3.jar:/home/duyan/.m2/repository/org/elasticsearch/plugin/transport-netty3-client/5.5.3/transport-netty3-client-5.5.3.jar:/home/duyan/.m2/repository/io/netty/netty/3.10.6.Final/netty-3.10.6.Final.jar:/home/duyan/.m2/repository/org/elasticsearch/plugin/reindex-client/5.5.3/reindex-client-5.5.3.jar:/home/duyan/.m2/repository/org/elasticsearch/client/rest/5.5.3/rest-5.5.3.jar:/home/duyan/.m2/repository/org/elasticsearch/plugin/lang-mustache-client/5.5.3/lang-mustache-client-5.5.3.jar:/home/duyan/.m2/repository/com/github/spullara/mustache/java/compiler/0.9.3/compiler-0.9.3.jar:/home/duyan/.m2/repository/org/elasticsearch/plugin/percolator-client/5.5.3/percolator-client-5.5.3.jar:/home/duyan/.m2/repository/org/slf4j/log4j-over-slf4j/1.7.25/log4j-over-slf4j-1.7.25.jar:/home/duyan/.m2/repository/org/apache/logging/log4j/log4j-core/2.9.1/log4j-core-2.9.1.jar:/home/duyan/.m2/repository/com/fasterxml/jackson/core/jackson-databind/2.9.1/jackson-databind-2.9.1.jar:/home/duyan/.m2/repository/com/fasterxml/jackson/core/jackson-annotations/2.9.0/jackson-annotations-2.9.0.jar:/home/duyan/.m2/repository/org/elasticsearch/plugin/transport-netty4-client/5.5.3/transport-netty4-client-5.5.3.jar:/home/duyan/.m2/repository/io/netty/netty-buffer/4.1.16.Final/netty-buffer-4.1.16.Final.jar:/home/duyan/.m2/repository/io/netty/netty-codec/4.1.16.Final/netty-codec-4.1.16.Final.jar:/home/duyan/.m2/repository/io/netty/netty-codec-http/4.1.16.Final/netty-codec-http-4.1.16.Final.jar:/home/duyan/.m2/repository/io/netty/netty-common/4.1.16.Final/netty-common-4.1.16.Final.jar:/home/duyan/.m2/repository/io/netty/netty-handler/4.1.16.Final/netty-handler-4.1.16.Final.jar:/home/duyan/.m2/repository/io/netty/netty-resolver/4.1.16.Final/netty-resolver-4.1.16.Final.jar:/home/duyan/.m2/repository/io/netty/netty-transport/4.1.16.Final/netty-transport-4.1.16.Final.jar:/home/duyan/.m2/repository/org/springframework/boot/spring-boot-starter-test/2.0.0.M5/spring-boot-starter-test-2.0.0.M5.jar:/home/duyan/.m2/repository/org/springframework/boot/spring-boot-test/2.0.0.M5/spring-boot-test-2.0.0.M5.jar:/home/duyan/.m2/repository/org/springframework/boot/spring-boot-test-autoconfigure/2.0.0.M5/spring-boot-test-autoconfigure-2.0.0.M5.jar:/home/duyan/.m2/repository/com/jayway/jsonpath/json-path/2.4.0/json-path-2.4.0.jar:/home/duyan/.m2/repository/net/minidev/json-smart/2.3/json-smart-2.3.jar:/home/duyan/.m2/repository/net/minidev/accessors-smart/1.2/accessors-smart-1.2.jar:/home/duyan/.m2/repository/org/ow2/asm/asm/5.0.4/asm-5.0.4.jar:/home/duyan/.m2/repository/junit/junit/4.12/junit-4.12.jar:/home/duyan/.m2/repository/org/assertj/assertj-core/3.8.0/assertj-core-3.8.0.jar:/home/duyan/.m2/repository/org/mockito/mockito-core/2.10.0/mockito-core-2.10.0.jar:/home/duyan/.m2/repository/net/bytebuddy/byte-buddy/1.7.6/byte-buddy-1.7.6.jar:/home/duyan/.m2/repository/net/bytebuddy/byte-buddy-agent/1.7.6/byte-buddy-agent-1.7.6.jar:/home/duyan/.m2/repository/org/objenesis/objenesis/2.6/objenesis-2.6.jar:/home/duyan/.m2/repository/org/hamcrest/hamcrest-core/1.3/hamcrest-core-1.3.jar:/home/duyan/.m2/repository/org/hamcrest/hamcrest-library/1.3/hamcrest-library-1.3.jar:/home/duyan/.m2/repository/org/skyscreamer/jsonassert/1.5.0/jsonassert-1.5.0.jar:/home/duyan/.m2/repository/com/vaadin/external/google/android-json/0.0.20131108.vaadin1/android-json-0.0.20131108.vaadin1.jar:/home/duyan/.m2/repository/org/springframework/spring-core/5.0.0.RELEASE/spring-core-5.0.0.RELEASE.jar:/home/duyan/.m2/repository/org/springframework/spring-jcl/5.0.0.RELEASE/spring-jcl-5.0.0.RELEASE.jar:/home/duyan/.m2/repository/org/springframework/spring-test/5.0.0.RELEASE/spring-test-5.0.0.RELEASE.jar:/home/duyan/.m2/repository/org/xmlunit/xmlunit-core/2.5.0/xmlunit-core-2.5.0.jar:/home/duyan/.m2/repository/net/java/dev/jna/jna/4.5.0/jna-4.5.0.jar:/home/duyan/.m2/repository/com/taskadapter/redmine-java-api/2.6.0/redmine-java-api-2.6.0.jar:/home/duyan/.m2/repository/org/slf4j/slf4j-api/1.7.25/slf4j-api-1.7.25.jar:/home/duyan/.m2/repository/org/apache/httpcomponents/httpclient/4.5.3/httpclient-4.5.3.jar:/home/duyan/.m2/repository/org/json/json/20090211/json-20090211.jar:/home/duyan/.m2/repository/org/elasticsearch/client/elasticsearch-rest-high-level-client/5.6.3/elasticsearch-rest-high-level-client-5.6.3.jar:/home/duyan/.m2/repository/org/elasticsearch/plugin/parent-join-client/5.6.3/parent-join-client-5.6.3.jar:/home/duyan/.m2/repository/org/elasticsearch/plugin/aggs-matrix-stats-client/5.6.3/aggs-matrix-stats-client-5.6.3.jar:/home/duyan/.m2/repository/org/elasticsearch/client/elasticsearch-rest-client/5.6.3/elasticsearch-rest-client-5.6.3.jar:/home/duyan/.m2/repository/org/apache/httpcomponents/httpcore/4.4.8/httpcore-4.4.8.jar:/home/duyan/.m2/repository/org/apache/httpcomponents/httpasyncclient/4.1.3/httpasyncclient-4.1.3.jar:/home/duyan/.m2/repository/org/apache/httpcomponents/httpcore-nio/4.4.8/httpcore-nio-4.4.8.jar:/home/duyan/.m2/repository/commons-codec/commons-codec/1.10/commons-codec-1.10.jar:/home/duyan/.m2/repository/commons-logging/commons-logging/1.1.3/commons-logging-1.1.3.jar:/home/duyan/.m2/repository/org/elasticsearch/elasticsearch/5.6.3/elasticsearch-5.6.3.jar:/home/duyan/.m2/repository/org/apache/lucene/lucene-core/6.6.1/lucene-core-6.6.1.jar:/home/duyan/.m2/repository/org/apache/lucene/lucene-analyzers-common/6.6.1/lucene-analyzers-common-6.6.1.jar:/home/duyan/.m2/repository/org/apache/lucene/lucene-backward-codecs/6.6.1/lucene-backward-codecs-6.6.1.jar:/home/duyan/.m2/repository/org/apache/lucene/lucene-grouping/6.6.1/lucene-grouping-6.6.1.jar:/home/duyan/.m2/repository/org/apache/lucene/lucene-highlighter/6.6.1/lucene-highlighter-6.6.1.jar:/home/duyan/.m2/repository/org/apache/lucene/lucene-join/6.6.1/lucene-join-6.6.1.jar:/home/duyan/.m2/repository/org/apache/lucene/lucene-memory/6.6.1/lucene-memory-6.6.1.jar:/home/duyan/.m2/repository/org/apache/lucene/lucene-misc/6.6.1/lucene-misc-6.6.1.jar:/home/duyan/.m2/repository/org/apache/lucene/lucene-queries/6.6.1/lucene-queries-6.6.1.jar:/home/duyan/.m2/repository/org/apache/lucene/lucene-queryparser/6.6.1/lucene-queryparser-6.6.1.jar:/home/duyan/.m2/repository/org/apache/lucene/lucene-sandbox/6.6.1/lucene-sandbox-6.6.1.jar:/home/duyan/.m2/repository/org/apache/lucene/lucene-spatial/6.6.1/lucene-spatial-6.6.1.jar:/home/duyan/.m2/repository/org/apache/lucene/lucene-spatial-extras/6.6.1/lucene-spatial-extras-6.6.1.jar:/home/duyan/.m2/repository/org/apache/lucene/lucene-spatial3d/6.6.1/lucene-spatial3d-6.6.1.jar:/home/duyan/.m2/repository/org/apache/lucene/lucene-suggest/6.6.1/lucene-suggest-6.6.1.jar:/home/duyan/.m2/repository/org/elasticsearch/securesm/1.1/securesm-1.1.jar:/home/duyan/.m2/repository/net/sf/jopt-simple/jopt-simple/5.0.2/jopt-simple-5.0.2.jar:/home/duyan/.m2/repository/com/carrotsearch/hppc/0.7.1/hppc-0.7.1.jar:/home/duyan/.m2/repository/joda-time/joda-time/2.9.9/joda-time-2.9.9.jar:/home/duyan/.m2/repository/org/yaml/snakeyaml/1.18/snakeyaml-1.18.jar:/home/duyan/.m2/repository/com/fasterxml/jackson/core/jackson-core/2.9.1/jackson-core-2.9.1.jar:/home/duyan/.m2/repository/com/fasterxml/jackson/dataformat/jackson-dataformat-smile/2.9.1/jackson-dataformat-smile-2.9.1.jar:/home/duyan/.m2/repository/com/fasterxml/jackson/dataformat/jackson-dataformat-yaml/2.9.1/jackson-dataformat-yaml-2.9.1.jar:/home/duyan/.m2/repository/com/fasterxml/jackson/dataformat/jackson-dataformat-cbor/2.9.1/jackson-dataformat-cbor-2.9.1.jar:/home/duyan/.m2/repository/com/tdunning/t-digest/3.0/t-digest-3.0.jar:/home/duyan/.m2/repository/org/hdrhistogram/HdrHistogram/2.1.9/HdrHistogram-2.1.9.jar:/home/duyan/.m2/repository/org/apache/logging/log4j/log4j-api/2.9.1/log4j-api-2.9.1.jar:/home/duyan/.m2/repository/org/elasticsearch/jna/4.4.0-1/jna-4.4.0-1.jar:"/>
    <property name="java.vm.vendor" value="Oracle Corporation"/>
    <property name="sun.arch.data.model" value="64"/>
    <property name="java.vendor.url" value="http://java.oracle.com/"/>
    <property name="user.timezone" value=""/>
    <property name="java.vm.specification.version" value="1.8"/>
    <property name="os.name" value="Linux"/>
    <property name="user.country" value="US"/>
    <property name="sun.java.launcher" value="SUN_STANDARD"/>
    <property name="sun.boot.library.path" value="/home/duyan/Github/jdk1.8.0_144/jre/lib/amd64"/>
    <property name="sun.java.command" value="/home/duyan/fresher12/DuyAn/Elasticsearch_issues/target/surefire/surefirebooter8911715712142553495.jar /home/duyan/fresher12/DuyAn/Elasticsearch_issues/target/surefire 2017-10-17T11-21-18_514-jvmRun1 surefire3778879141826917267tmp surefire_01740896350552926737tmp"/>
    <property name="surefire.test.class.path" value="/home/duyan/fresher12/DuyAn/Elasticsearch_issues/target/test-classes:/home/duyan/fresher12/DuyAn/Elasticsearch_issues/target/classes:/home/duyan/.m2/repository/com/google/code/gson/gson/2.8.0/gson-2.8.0.jar:/home/duyan/.m2/repository/org/springframework/boot/spring-boot-starter-data-elasticsearch/2.0.0.M5/spring-boot-starter-data-elasticsearch-2.0.0.M5.jar:/home/duyan/.m2/repository/org/springframework/boot/spring-boot-starter/2.0.0.M5/spring-boot-starter-2.0.0.M5.jar:/home/duyan/.m2/repository/org/springframework/boot/spring-boot/2.0.0.M5/spring-boot-2.0.0.M5.jar:/home/duyan/.m2/repository/org/springframework/boot/spring-boot-autoconfigure/2.0.0.M5/spring-boot-autoconfigure-2.0.0.M5.jar:/home/duyan/.m2/repository/org/springframework/boot/spring-boot-starter-logging/2.0.0.M5/spring-boot-starter-logging-2.0.0.M5.jar:/home/duyan/.m2/repository/ch/qos/logback/logback-classic/1.2.3/logback-classic-1.2.3.jar:/home/duyan/.m2/repository/ch/qos/logback/logback-core/1.2.3/logback-core-1.2.3.jar:/home/duyan/.m2/repository/org/slf4j/jul-to-slf4j/1.7.25/jul-to-slf4j-1.7.25.jar:/home/duyan/.m2/repository/javax/annotation/javax.annotation-api/1.3.1/javax.annotation-api-1.3.1.jar:/home/duyan/.m2/repository/org/springframework/data/spring-data-elasticsearch/3.0.0.RELEASE/spring-data-elasticsearch-3.0.0.RELEASE.jar:/home/duyan/.m2/repository/org/springframework/spring-context/5.0.0.RELEASE/spring-context-5.0.0.RELEASE.jar:/home/duyan/.m2/repository/org/springframework/spring-aop/5.0.0.RELEASE/spring-aop-5.0.0.RELEASE.jar:/home/duyan/.m2/repository/org/springframework/spring-beans/5.0.0.RELEASE/spring-beans-5.0.0.RELEASE.jar:/home/duyan/.m2/repository/org/springframework/spring-expression/5.0.0.RELEASE/spring-expression-5.0.0.RELEASE.jar:/home/duyan/.m2/repository/org/springframework/spring-tx/5.0.0.RELEASE/spring-tx-5.0.0.RELEASE.jar:/home/duyan/.m2/repository/org/springframework/data/spring-data-commons/2.0.0.RELEASE/spring-data-commons-2.0.0.RELEASE.jar:/home/duyan/.m2/repository/commons-lang/commons-lang/2.6/commons-lang-2.6.jar:/home/duyan/.m2/repository/org/elasticsearch/client/transport/5.5.3/transport-5.5.3.jar:/home/duyan/.m2/repository/org/elasticsearch/plugin/transport-netty3-client/5.5.3/transport-netty3-client-5.5.3.jar:/home/duyan/.m2/repository/io/netty/netty/3.10.6.Final/netty-3.10.6.Final.jar:/home/duyan/.m2/repository/org/elasticsearch/plugin/reindex-client/5.5.3/reindex-client-5.5.3.jar:/home/duyan/.m2/repository/org/elasticsearch/client/rest/5.5.3/rest-5.5.3.jar:/home/duyan/.m2/repository/org/elasticsearch/plugin/lang-mustache-client/5.5.3/lang-mustache-client-5.5.3.jar:/home/duyan/.m2/repository/com/github/spullara/mustache/java/compiler/0.9.3/compiler-0.9.3.jar:/home/duyan/.m2/repository/org/elasticsearch/plugin/percolator-client/5.5.3/percolator-client-5.5.3.jar:/home/duyan/.m2/repository/org/slf4j/log4j-over-slf4j/1.7.25/log4j-over-slf4j-1.7.25.jar:/home/duyan/.m2/repository/org/apache/logging/log4j/log4j-core/2.9.1/log4j-core-2.9.1.jar:/home/duyan/.m2/repository/com/fasterxml/jackson/core/jackson-databind/2.9.1/jackson-databind-2.9.1.jar:/home/duyan/.m2/repository/com/fasterxml/jackson/core/jackson-annotations/2.9.0/jackson-annotations-2.9.0.jar:/home/duyan/.m2/repository/org/elasticsearch/plugin/transport-netty4-client/5.5.3/transport-netty4-client-5.5.3.jar:/home/duyan/.m2/repository/io/netty/netty-buffer/4.1.16.Final/netty-buffer-4.1.16.Final.jar:/home/duyan/.m2/repository/io/netty/netty-codec/4.1.16.Final/netty-codec-4.1.16.Final.jar:/home/duyan/.m2/repository/io/netty/netty-codec-http/4.1.16.Final/netty-codec-http-4.1.16.Final.jar:/home/duyan/.m2/repository/io/netty/netty-common/4.1.16.Final/netty-common-4.1.16.Final.jar:/home/duyan/.m2/repository/io/netty/netty-handler/4.1.16.Final/netty-handler-4.1.16.Final.jar:/home/duyan/.m2/repository/io/netty/netty-resolver/4.1.16.Final/netty-resolver-4.1.16.Final.jar:/home/duyan/.m2/repository/io/netty/netty-transport/4.1.16.Final/netty-transport-4.1.16.Final.jar:/home/duyan/.m2/repository/org/springframework/boot/spring-boot-starter-test/2.0.0.M5/spring-boot-starter-test-2.0.0.M5.jar:/home/duyan/.m2/repository/org/springframework/boot/spring-boot-test/2.0.0.M5/spring-boot-test-2.0.0.M5.jar:/home/duyan/.m2/repository/org/springframework/boot/spring-boot-test-autoconfigure/2.0.0.M5/spring-boot-test-autoconfigure-2.0.0.M5.jar:/home/duyan/.m2/repository/com/jayway/jsonpath/json-path/2.4.0/json-path-2.4.0.jar:/home/duyan/.m2/repository/net/minidev/json-smart/2.3/json-smart-2.3.jar:/home/duyan/.m2/repository/net/minidev/accessors-smart/1.2/accessors-smart-1.2.jar:/home/duyan/.m2/repository/org/ow2/asm/asm/5.0.4/asm-5.0.4.jar:/home/duyan/.m2/repository/junit/junit/4.12/junit-4.12.jar:/home/duyan/.m2/repository/org/assertj/assertj-core/3.8.0/assertj-core-3.8.0.jar:/home/duyan/.m2/repository/org/mockito/mockito-core/2.10.0/mockito-core-2.10.0.jar:/home/duyan/.m2/repository/net/bytebuddy/byte-buddy/1.7.6/byte-buddy-1.7.6.jar:/home/duyan/.m2/repository/net/bytebuddy/byte-buddy-agent/1.7.6/byte-buddy-agent-1.7.6.jar:/home/duyan/.m2/repository/org/objenesis/objenesis/2.6/objenesis-2.6.jar:/home/duyan/.m2/repository/org/hamcrest/hamcrest-core/1.3/hamcrest-core-1.3.jar:/home/duyan/.m2/repository/org/hamcrest/hamcrest-library/1.3/hamcrest-library-1.3.jar:/home/duyan/.m2/repository/org/skyscreamer/jsonassert/1.5.0/jsonassert-1.5.0.jar:/home/duyan/.m2/repository/com/vaadin/external/google/android-json/0.0.20131108.vaadin1/android-json-0.0.20131108.vaadin1.jar:/home/duyan/.m2/repository/org/springframework/spring-core/5.0.0.RELEASE/spring-core-5.0.0.RELEASE.jar:/home/duyan/.m2/repository/org/springframework/spring-jcl/5.0.0.RELEASE/spring-jcl-5.0.0.RELEASE.jar:/home/duyan/.m2/repository/org/springframework/spring-test/5.0.0.RELEASE/spring-test-5.0.0.RELEASE.jar:/home/duyan/.m2/repository/org/xmlunit/xmlunit-core/2.5.0/xmlunit-core-2.5.0.jar:/home/duyan/.m2/repository/net/java/dev/jna/jna/4.5.0/jna-4.5.0.jar:/home/duyan/.m2/repository/com/taskadapter/redmine-java-api/2.6.0/redmine-java-api-2.6.0.jar:/home/duyan/.m2/repository/org/slf4j/slf4j-api/1.7.25/slf4j-api-1.7.25.jar:/home/duyan/.m2/repository/org/apache/httpcomponents/httpclient/4.5.3/httpclient-4.5.3.jar:/home/duyan/.m2/repository/org/json/json/20090211/json-20090211.jar:/home/duyan/.m2/repository/org/elasticsearch/client/elasticsearch-rest-high-level-client/5.6.3/elasticsearch-rest-high-level-client-5.6.3.jar:/home/duyan/.m2/repository/org/elasticsearch/plugin/parent-join-client/5.6.3/parent-join-client-5.6.3.jar:/home/duyan/.m2/repository/org/elasticsearch/plugin/aggs-matrix-stats-client/5.6.3/aggs-matrix-stats-client-5.6.3.jar:/home/duyan/.m2/repository/org/elasticsearch/client/elasticsearch-rest-client/5.6.3/elasticsearch-rest-client-5.6.3.jar:/home/duyan/.m2/repository/org/apache/httpcomponents/httpcore/4.4.8/httpcore-4.4.8.jar:/home/duyan/.m2/repository/org/apache/httpcomponents/httpasyncclient/4.1.3/httpasyncclient-4.1.3.jar:/home/duyan/.m2/repository/org/apache/httpcomponents/httpcore-nio/4.4.8/httpcore-nio-4.4.8.jar:/home/duyan/.m2/repository/commons-codec/commons-codec/1.10/commons-codec-1.10.jar:/home/duyan/.m2/repository/commons-logging/commons-logging/1.1.3/commons-logging-1.1.3.jar:/home/duyan/.m2/repository/org/elasticsearch/elasticsearch/5.6.3/elasticsearch-5.6.3.jar:/home/duyan/.m2/repository/org/apache/lucene/lucene-core/6.6.1/lucene-core-6.6.1.jar:/home/duyan/.m2/repository/org/apache/lucene/lucene-analyzers-common/6.6.1/lucene-analyzers-common-6.6.1.jar:/home/duyan/.m2/repository/org/apache/lucene/lucene-backward-codecs/6.6.1/lucene-backward-codecs-6.6.1.jar:/home/duyan/.m2/repository/org/apache/lucene/lucene-grouping/6.6.1/lucene-grouping-6.6.1.jar:/home/duyan/.m2/repository/org/apache/lucene/lucene-highlighter/6.6.1/lucene-highlighter-6.6.1.jar:/home/duyan/.m2/repository/org/apache/lucene/lucene-join/6.6.1/lucene-join-6.6.1.jar:/home/duyan/.m2/repository/org/apache/lucene/lucene-memory/6.6.1/lucene-memory-6.6.1.jar:/home/duyan/.m2/repository/org/apache/lucene/lucene-misc/6.6.1/lucene-misc-6.6.1.jar:/home/duyan/.m2/repository/org/apache/lucene/lucene-queries/6.6.1/lucene-queries-6.6.1.jar:/home/duyan/.m2/repository/org/apache/lucene/lucene-queryparser/6.6.1/lucene-queryparser-6.6.1.jar:/home/duyan/.m2/repository/org/apache/lucene/lucene-sandbox/6.6.1/lucene-sandbox-6.6.1.jar:/home/duyan/.m2/repository/org/apache/lucene/lucene-spatial/6.6.1/lucene-spatial-6.6.1.jar:/home/duyan/.m2/repository/org/apache/lucene/lucene-spatial-extras/6.6.1/lucene-spatial-extras-6.6.1.jar:/home/duyan/.m2/repository/org/apache/lucene/lucene-spatial3d/6.6.1/lucene-spatial3d-6.6.1.jar:/home/duyan/.m2/repository/org/apache/lucene/lucene-suggest/6.6.1/lucene-suggest-6.6.1.jar:/home/duyan/.m2/repository/org/elasticsearch/securesm/1.1/securesm-1.1.jar:/home/duyan/.m2/repository/net/sf/jopt-simple/jopt-simple/5.0.2/jopt-simple-5.0.2.jar:/home/duyan/.m2/repository/com/carrotsearch/hppc/0.7.1/hppc-0.7.1.jar:/home/duyan/.m2/repository/joda-time/joda-time/2.9.9/joda-time-2.9.9.jar:/home/duyan/.m2/repository/org/yaml/snakeyaml/1.18/snakeyaml-1.18.jar:/home/duyan/.m2/repository/com/fasterxml/jackson/core/jackson-core/2.9.1/jackson-core-2.9.1.jar:/home/duyan/.m2/repository/com/fasterxml/jackson/dataformat/jackson-dataformat-smile/2.9.1/jackson-dataformat-smile-2.9.1.jar:/home/duyan/.m2/repository/com/fasterxml/jackson/dataformat/jackson-dataformat-yaml/2.9.1/jackson-dataformat-yaml-2.9.1.jar:/home/duyan/.m2/repository/com/fasterxml/jackson/dataformat/jackson-dataformat-cbor/2.9.1/jackson-dataformat-cbor-2.9.1.jar:/home/duyan/.m2/repository/com/tdunning/t-digest/3.0/t-digest-3.0.jar:/home/duyan/.m2/repository/org/hdrhistogram/HdrHistogram/2.1.9/HdrHistogram-2.1.9.jar:/home/duyan/.m2/repository/org/apache/logging/log4j/log4j-api/2.9.1/log4j-api-2.9.1.jar:/home/duyan/.m2/repository/org/elasticsearch/jna/4.4.0-1/jna-4.4.0-1.jar:"/>
    <property name="sun.cpu.endian" value="little"/>
    <property name="user.home" value="/home/duyan"/>
    <property name="user.language" value="en"/>
    <property name="java.specification.vendor" value="Oracle Corporation"/>
    <property name="java.home" value="/home/duyan/Github/jdk1.8.0_144/jre"/>
    <property name="basedir" value="/home/duyan/fresher12/DuyAn/Elasticsearch_issues"/>
    <property name="file.separator" value="/"/>
    <property name="line.separator" value="&#10;"/>
    <property name="java.vm.specification.vendor" value="Oracle Corporation"/>
    <property name="java.specification.name" value="Java Platform API Specification"/>
    <property name="java.awt.graphicsenv" value="sun.awt.X11GraphicsEnvironment"/>
    <property name="surefire.real.class.path" value="/home/duyan/fresher12/DuyAn/Elasticsearch_issues/target/surefire/surefirebooter8911715712142553495.jar"/>
    <property name="sun.boot.class.path" value="/home/duyan/Github/jdk1.8.0_144/jre/lib/resources.jar:/home/duyan/Github/jdk1.8.0_144/jre/lib/rt.jar:/home/duyan/Github/jdk1.8.0_144/jre/lib/sunrsasign.jar:/home/duyan/Github/jdk1.8.0_144/jre/lib/jsse.jar:/home/duyan/Github/jdk1.8.0_144/jre/lib/jce.jar:/home/duyan/Github/jdk1.8.0_144/jre/lib/charsets.jar:/home/duyan/Github/jdk1.8.0_144/jre/lib/jfr.jar:/home/duyan/Github/jdk1.8.0_144/jre/classes"/>
    <property name="sun.management.compiler" value="HotSpot 64-Bit Tiered Compilers"/>
    <property name="java.runtime.version" value="1.8.0_144-b01"/>
    <property name="user.name" value="duyan"/>
    <property name="path.separator" value=":"/>
    <property name="os.version" value="4.4.0-97-generic"/>
    <property name="java.endorsed.dirs" value="/home/duyan/Github/jdk1.8.0_144/jre/lib/endorsed"/>
    <property name="java.runtime.name" value="Java(TM) SE Runtime Environment"/>
    <property name="file.encoding" value="UTF-8"/>
    <property name="java.vm.name" value="Java HotSpot(TM) 64-Bit Server VM"/>
    <property name="localRepository" value="/home/duyan/.m2/repository"/>
    <property name="java.vendor.url.bug" value="http://bugreport.sun.com/bugreport/"/>
    <property name="java.io.tmpdir" value="/tmp"/>
    <property name="java.version" value="1.8.0_144"/>
    <property name="user.dir" value="/home/duyan/fresher12/DuyAn/Elasticsearch_issues"/>
    <property name="os.arch" value="amd64"/>
    <property name="java.vm.specification.name" value="Java Virtual Machine Specification"/>
    <property name="java.awt.printerjob" value="sun.print.PSPrinterJob"/>
    <property name="sun.os.patch.level" value="unknown"/>
    <property name="java.library.path" value="/usr/java/packages/lib/amd64:/usr/lib64:/lib64:/lib:/usr/lib"/>
    <property name="java.vm.info" value="mixed mode"/>
    <property name="java.vendor" value="Oracle Corporation"/>
    <property name="java.vm.version" value="25.144-b01"/>
    <property name="java.ext.dirs" value="/home/duyan/Github/jdk1.8.0_144/jre/lib/ext:/usr/java/packages/lib/ext"/>
    <property name="sun.io.unicode.encoding" value="UnicodeLittle"/>
    <property name="java.class.version" value="52.0"/>
  </properties>
  <testcase name="initializationError" classname="com.mkyong.BookServiceTest" time="0.005">
    <error message="Type org.springframework.test.context.junit4.SpringRunner not present" type="java.lang.TypeNotPresentException">java.lang.TypeNotPresentException: Type org.springframework.test.context.junit4.SpringRunner not present
Caused by: java.lang.ClassNotFoundException: org.springframework.test.context.junit4.SpringRunner
</error>
  </testcase>
</testsuite>